# JRE version: Java(TM) SE Runtime Environment (8.0_91-b15) (build 1.8.0_91-b15)
# Java VM: Java HotSpot(TM) 64-Bit Server VM (25.91-b15 mixed mode windows-amd64 compressed oops)
Heap:
 PSYoungGen      total 343040K, used 307363K [0x0000000780800000, 0x0000000796900000, 0x00000007c0000000)
  eden space 324608K, 94% used [0x0000000780800000,0x0000000793428dc8,0x0000000794500000)
  from space 18432K, 0% used [0x0000000795700000,0x0000000795700000,0x0000000796900000)
  to   space 18432K, 0% used [0x0000000794500000,0x0000000794500000,0x0000000795700000)
 ParOldGen       total 131072K, used 28672K [0x0000000701800000, 0x0000000709800000, 0x0000000780800000)
  object space 131072K, 21% used [0x0000000701800000,0x0000000703400378,0x0000000709800000)
 Metaspace       used 49575K, capacity 50645K, committed 50736K, reserved 1093632K
  class space    used 5592K, capacity 5917K, committed 5936K, reserved 1048576K
GC Heap History (10 events):
Event: 859.367 GC heap before
{Heap before GC invocations=21 (full 5):
 PSYoungGen      total 241664K, used 179084K [0x0000000780800000, 0x0000000793800000, 0x00000007c0000000)
  eden space 222720K, 80% used [0x0000000780800000,0x000000078b6e30f8,0x000000078e180000)
  from space 18944K, 0% used [0x000000078e180000,0x000000078e180000,0x000000078f400000)
  to   space 19456K, 0% used [0x0000000792500000,0x0000000792500000,0x0000000793800000)
 ParOldGen       total 131072K, used 27026K [0x0000000701800000, 0x0000000709800000, 0x0000000780800000)
  object space 131072K, 20% used [0x0000000701800000,0x00000007032649c0,0x0000000709800000)
 Metaspace       used 48542K, capacity 49365K, committed 49584K, reserved 1093632K
  class space    used 5546K, capacity 5803K, committed 5808K, reserved 1048576K
Event: 859.382 GC heap after
Heap after GC invocations=21 (full 5):
 PSYoungGen      total 290816K, used 3748K [0x0000000780800000, 0x0000000793700000, 0x00000007c0000000)
  eden space 272384K, 0% used [0x0000000780800000,0x0000000780800000,0x0000000791200000)
  from space 18432K, 20% used [0x0000000792500000,0x00000007928a92d8,0x0000000793700000)
  to   space 18944K, 0% used [0x0000000791200000,0x0000000791200000,0x0000000792480000)
 ParOldGen       total 131072K, used 27034K [0x0000000701800000, 0x0000000709800000, 0x0000000780800000)
  object space 131072K, 20% used [0x0000000701800000,0x00000007032669c0,0x0000000709800000)
 Metaspace       used 48542K, capacity 49365K, committed 49584K, reserved 1093632K
  class space    used 5546K, capacity 5803K, committed 5808K, reserved 1048576K
}
Event: 859.382 GC heap before
{Heap before GC invocations=22 (full 6):
 PSYoungGen      total 290816K, used 3748K [0x0000000780800000, 0x0000000793700000, 0x00000007c0000000)
  eden space 272384K, 0% used [0x0000000780800000,0x0000000780800000,0x0000000791200000)
  from space 18432K, 20% used [0x0000000792500000,0x00000007928a92d8,0x0000000793700000)
  to   space 18944K, 0% used [0x0000000791200000,0x0000000791200000,0x0000000792480000)
 ParOldGen       total 131072K, used 27034K [0x0000000701800000, 0x0000000709800000, 0x0000000780800000)
  object space 131072K, 20% used [0x0000000701800000,0x00000007032669c0,0x0000000709800000)
 Metaspace       used 48542K, capacity 49365K, committed 49584K, reserved 1093632K
  class space    used 5546K, capacity 5803K, committed 5808K, reserved 1048576K
Event: 859.586 GC heap after
Heap after GC invocations=22 (full 6):
 PSYoungGen      total 290816K, used 0K [0x0000000780800000, 0x0000000793700000, 0x00000007c0000000)
  eden space 272384K, 0% used [0x0000000780800000,0x0000000780800000,0x0000000791200000)
  from space 18432K, 0% used [0x0000000792500000,0x0000000792500000,0x0000000793700000)
  to   space 18944K, 0% used [0x0000000791200000,0x0000000791200000,0x0000000792480000)
 ParOldGen       total 131072K, used 30020K [0x0000000701800000, 0x0000000709800000, 0x0000000780800000)
  object space 131072K, 22% used [0x0000000701800000,0x00000007035513e8,0x0000000709800000)
 Metaspace       used 48542K, capacity 49365K, committed 49584K, reserved 1093632K
  class space    used 5546K, capacity 5803K, committed 5808K, reserved 1048576K
}
Event: 1016.338 GC heap before
{Heap before GC invocations=23 (full 6):
 PSYoungGen      total 290816K, used 272384K [0x0000000780800000, 0x0000000793700000, 0x00000007c0000000)
  eden space 272384K, 100% used [0x0000000780800000,0x0000000791200000,0x0000000791200000)
  from space 18432K, 0% used [0x0000000792500000,0x0000000792500000,0x0000000793700000)
  to   space 18944K, 0% used [0x0000000791200000,0x0000000791200000,0x0000000792480000)
 ParOldGen       total 131072K, used 30020K [0x0000000701800000, 0x0000000709800000, 0x0000000780800000)
  object space 131072K, 22% used [0x0000000701800000,0x00000007035513e8,0x0000000709800000)
 Metaspace       used 48895K, capacity 49835K, committed 50224K, reserved 1093632K
  class space    used 5560K, capacity 5848K, committed 5936K, reserved 1048576K
Event: 1016.379 GC heap after
Heap after GC invocations=23 (full 6):
 PSYoungGen      total 291328K, used 8650K [0x0000000780800000, 0x0000000796900000, 0x00000007c0000000)
  eden space 272384K, 0% used [0x0000000780800000,0x0000000780800000,0x0000000791200000)
  from space 18944K, 45% used [0x0000000791200000,0x0000000791a72be8,0x0000000792480000)
  to   space 18432K, 0% used [0x0000000795700000,0x0000000795700000,0x0000000796900000)
 ParOldGen       total 131072K, used 30028K [0x0000000701800000, 0x0000000709800000, 0x0000000780800000)
  object space 131072K, 22% used [0x0000000701800000,0x00000007035533e8,0x0000000709800000)
 Metaspace       used 48895K, capacity 49835K, committed 50224K, reserved 1093632K
  class space    used 5560K, capacity 5848K, committed 5936K, reserved 1048576K
}
Event: 1186.250 GC heap before
{Heap before GC invocations=24 (full 6):
 PSYoungGen      total 291328K, used 142092K [0x0000000780800000, 0x0000000796900000, 0x00000007c0000000)
  eden space 272384K, 48% used [0x0000000780800000,0x0000000788a504b0,0x0000000791200000)
  from space 18944K, 45% used [0x0000000791200000,0x0000000791a72be8,0x0000000792480000)
  to   space 18432K, 0% used [0x0000000795700000,0x0000000795700000,0x0000000796900000)
 ParOldGen       total 131072K, used 30028K [0x0000000701800000, 0x0000000709800000, 0x0000000780800000)
  object space 131072K, 22% used [0x0000000701800000,0x00000007035533e8,0x0000000709800000)
 Metaspace       used 48913K, capacity 49841K, committed 50224K, reserved 1093632K
  class space    used 5561K, capacity 5850K, committed 5936K, reserved 1048576K
Event: 1186.254 GC heap after
Heap after GC invocations=24 (full 6):
 PSYoungGen      total 343040K, used 2256K [0x0000000780800000, 0x0000000796900000, 0x00000007c0000000)
  eden space 324608K, 0% used [0x0000000780800000,0x0000000780800000,0x0000000794500000)
  from space 18432K, 12% used [0x0000000795700000,0x0000000795934010,0x0000000796900000)
  to   space 18432K, 0% used [0x0000000794500000,0x0000000794500000,0x0000000795700000)
 ParOldGen       total 131072K, used 30028K [0x0000000701800000, 0x0000000709800000, 0x0000000780800000)
  object space 131072K, 22% used [0x0000000701800000,0x00000007035533e8,0x0000000709800000)
 Metaspace       used 48913K, capacity 49841K, committed 50224K, reserved 1093632K
  class space    used 5561K, capacity 5850K, committed 5936K, reserved 1048576K
}
Event: 1186.254 GC heap before
{Heap before GC invocations=25 (full 7):
 PSYoungGen      total 343040K, used 2256K [0x0000000780800000, 0x0000000796900000, 0x00000007c0000000)
  eden space 324608K, 0% used [0x0000000780800000,0x0000000780800000,0x0000000794500000)
  from space 18432K, 12% used [0x0000000795700000,0x0000000795934010,0x0000000796900000)
  to   space 18432K, 0% used [0x0000000794500000,0x0000000794500000,0x0000000795700000)
 ParOldGen       total 131072K, used 30028K [0x0000000701800000, 0x0000000709800000, 0x0000000780800000)
  object space 131072K, 22% used [0x0000000701800000,0x00000007035533e8,0x0000000709800000)
 Metaspace       used 48913K, capacity 49841K, committed 50224K, reserved 1093632K
  class space    used 5561K, capacity 5850K, committed 5936K, reserved 1048576K
Event: 1186.390 GC heap after
Heap after GC invocations=25 (full 7):
 PSYoungGen      total 343040K, used 0K [0x0000000780800000, 0x0000000796900000, 0x00000007c0000000)
  eden space 324608K, 0% used [0x0000000780800000,0x0000000780800000,0x0000000794500000)
  from space 18432K, 0% used [0x0000000795700000,0x0000000795700000,0x0000000796900000)
  to   space 18432K, 0% used [0x0000000794500000,0x0000000794500000,0x0000000795700000)
 ParOldGen       total 131072K, used 28672K [0x0000000701800000, 0x0000000709800000, 0x0000000780800000)
  object space 131072K, 21% used [0x0000000701800000,0x0000000703400378,0x0000000709800000)
 Metaspace       used 48911K, capacity 49835K, committed 50224K, reserved 1093632K
  class space    used 5560K, capacity 5848K, committed 5936K, reserved 1048576K
}

